<?xml version="1.0" encoding="UTF-8" ?>
<testsuite tests="6" failures="0" name="DeckTest" time="0.21" errors="0" skipped="1">
  <properties>
[...]
</properties>
  <testcase classname="DeckTest" name="failToCreateDeckIfInvalidSizeIsProvided" time="0.007"/>
  <testcase classname="DeckTest" name="sortDeckInDesiredTimeframe" time="0.1"/>
  <testcase classname="DeckTest" name="failToShuffleTheDeck" time="0.101">
    <skipped message="We&apos;ve yet to define the sorting exception."/>
  </testcase>
  <testcase classname="DeckTest" name="printDeckToConsole" time="0"/>
  <testcase classname="DeckTest" name="checkIfTheDeckConvertsToArray" time="0.001"/>
  <testcase classname="DeckTest" name="validateDeckIntegrityAfterSort" time="0.001"/>
</testsuite>